example/build/app/intermediates/manifest_merge_blame_file/debug/manifest-merger-blame-debug-report.txt
1<?xml version="1.0" encoding="utf-8"?>
2<manifest xmlns:android="http://schemas.android.com/apk/res/android"
3    package="dk.cachet.notifications_example"
4    android:versionCode="1"
5    android:versionName="1.0" >
6
7    <uses-sdk
8        android:minSdkVersion="16"
9        android:targetSdkVersion="30" />
10    <!--
11         Flutter needs it to communicate with the running application
12         to allow setting breakpoints, to provide hot reload, etc.
13    -->
14    <uses-permission android:name="android.permission.INTERNET" />
14-->src/debug/AndroidManifest.xml:6:5-66
14-->src/debug/AndroidManifest.xml:6:22-64
15
16    <application
16-->src/main/AndroidManifest.xml:4:3-49:17
17        android:appComponentFactory="androidx.core.app.CoreComponentFactory"
17-->[androidx.core:core:1.6.0] AndroidManifest.xml:24:18-86
18        android:debuggable="true"
19        android:icon="@mipmap/ic_launcher"
19-->src/main/AndroidManifest.xml:5:5-39
20        android:label="notifications_example" >
20-->src/main/AndroidManifest.xml:6:5-42
21        <activity
21-->src/main/AndroidManifest.xml:8:5-34:16
22            android:name="dk.cachet.notifications_example.MainActivity"
22-->src/main/AndroidManifest.xml:12:7-35
23            android:configChanges="orientation|keyboardHidden|keyboard|screenSize|smallestScreenSize|locale|layoutDirection|fontScale|screenLayout|density|uiMode"
23-->src/main/AndroidManifest.xml:9:7-157
24            android:hardwareAccelerated="true"
24-->src/main/AndroidManifest.xml:10:7-41
25            android:launchMode="singleTop"
25-->src/main/AndroidManifest.xml:11:7-37
26            android:theme="@style/LaunchTheme"
26-->src/main/AndroidManifest.xml:13:7-41
27            android:windowSoftInputMode="adjustResize" >
27-->src/main/AndroidManifest.xml:14:7-49
28
29            <!--
30           Specifies an Android theme to apply to this Activity as soon as
31           the Android process has started. This theme is visible to the user
32           while the Flutter UI initializes. After that, this theme continues
33           to determine the Window background behind the Flutter UI.
34            -->
35            <intent-filter>
35-->src/main/AndroidManifest.xml:19:7-22:23
36                <action android:name="android.intent.action.MAIN" />
36-->src/main/AndroidManifest.xml:20:9-61
36-->src/main/AndroidManifest.xml:20:17-58
37
38                <category android:name="android.intent.category.LAUNCHER" />
38-->src/main/AndroidManifest.xml:21:9-69
38-->src/main/AndroidManifest.xml:21:19-66
39            </intent-filter>
40            <!--
41           Displays an Android View that continues showing the launch screen
42           Drawable until Flutter paints its first frame, then this splash
43           screen fades out. A splash screen is useful to avoid any visual
44           gap between the end of Android's launch screen and the painting of
45           Flutter's first frame.
46            -->
47            <meta-data
47-->src/main/AndroidManifest.xml:28:7-30:58
48                android:name="io.flutter.embedding.android.SplashScreenDrawable"
48-->src/main/AndroidManifest.xml:29:9-73
49                android:resource="@drawable/launch_background" />
49-->src/main/AndroidManifest.xml:30:9-55
50            <meta-data
50-->src/main/AndroidManifest.xml:31:7-33:49
51                android:name="io.flutter.embedding.android.NormalTheme"
51-->src/main/AndroidManifest.xml:32:9-64
52                android:resource="@style/NormalTheme" />
52-->src/main/AndroidManifest.xml:33:9-46
53        </activity>
54
55        <meta-data
55-->src/main/AndroidManifest.xml:36:5-38:27
56            android:name="flutterEmbedding"
56-->src/main/AndroidManifest.xml:37:7-38
57            android:value="2" />
57-->src/main/AndroidManifest.xml:38:7-24
58        <!--
59         Don't delete the meta-data below.
60         This is used by the Flutter tool to generate GeneratedPluginRegistrant.java
61        -->
62        <service
62-->src/main/AndroidManifest.xml:41:5-48:15
63            android:name="dk.cachet.notifications.NotificationListener"
63-->src/main/AndroidManifest.xml:43:7-66
64            android:label="notifications"
64-->src/main/AndroidManifest.xml:42:7-36
65            android:permission="android.permission.BIND_NOTIFICATION_LISTENER_SERVICE" >
65-->src/main/AndroidManifest.xml:44:7-81
66            <intent-filter>
66-->src/main/AndroidManifest.xml:45:7-47:23
67                <action android:name="android.service.notification.NotificationListenerService" />
67-->src/main/AndroidManifest.xml:46:9-91
67-->src/main/AndroidManifest.xml:46:17-88
68            </intent-filter>
69        </service>
70
71        <uses-library
71-->[androidx.window:window:1.0.0-beta04] AndroidManifest.xml:25:9-27:40
72            android:name="androidx.window.extensions"
72-->[androidx.window:window:1.0.0-beta04] AndroidManifest.xml:26:13-54
73            android:required="false" />
73-->[androidx.window:window:1.0.0-beta04] AndroidManifest.xml:27:13-37
74        <uses-library
74-->[androidx.window:window:1.0.0-beta04] AndroidManifest.xml:28:9-30:40
75            android:name="androidx.window.sidecar"
75-->[androidx.window:window:1.0.0-beta04] AndroidManifest.xml:29:13-51
76            android:required="false" />
76-->[androidx.window:window:1.0.0-beta04] AndroidManifest.xml:30:13-37
77    </application>
78
79</manifest>